[debug] [2023-06-26T12:21:46.813Z] ----------------------------------------------------------------------
[debug] [2023-06-26T12:21:46.814Z] Command:       /usr/local/bin/node /usr/local/bin/firebase deploy
[debug] [2023-06-26T12:21:46.814Z] CLI Version:   11.28.0
[debug] [2023-06-26T12:21:46.814Z] Platform:      darwin
[debug] [2023-06-26T12:21:46.814Z] Node Version:  v18.12.0
[debug] [2023-06-26T12:21:46.815Z] Time:          Mon Jun 26 2023 14:21:46 GMT+0200 (Central European Summer Time)
[debug] [2023-06-26T12:21:46.815Z] ----------------------------------------------------------------------
[debug] 
[debug] [2023-06-26T12:21:46.849Z] > command requires scopes: ["email","openid","https://www.googleapis.com/auth/cloudplatformprojects.readonly","https://www.googleapis.com/auth/firebase","https://www.googleapis.com/auth/cloud-platform"]
[debug] [2023-06-26T12:21:46.849Z] > authorizing via signed-in user (deni.persson@gmail.com)
[debug] [2023-06-26T12:21:46.849Z] [iam] checking project martialartsnerdswebapp for permissions ["cloudfunctions.functions.create","cloudfunctions.functions.delete","cloudfunctions.functions.get","cloudfunctions.functions.list","cloudfunctions.functions.update","cloudfunctions.operations.get","datastore.indexes.create","datastore.indexes.delete","datastore.indexes.list","datastore.indexes.update","firebase.projects.get","firebasehosting.sites.update"]
[debug] [2023-06-26T12:21:46.850Z] >>> [apiv2][query] POST https://cloudresourcemanager.googleapis.com/v1/projects/martialartsnerdswebapp:testIamPermissions [none]
[debug] [2023-06-26T12:21:46.850Z] >>> [apiv2][(partial)header] POST https://cloudresourcemanager.googleapis.com/v1/projects/martialartsnerdswebapp:testIamPermissions x-goog-quota-user=projects/martialartsnerdswebapp
[debug] [2023-06-26T12:21:46.850Z] >>> [apiv2][body] POST https://cloudresourcemanager.googleapis.com/v1/projects/martialartsnerdswebapp:testIamPermissions {"permissions":["cloudfunctions.functions.create","cloudfunctions.functions.delete","cloudfunctions.functions.get","cloudfunctions.functions.list","cloudfunctions.functions.update","cloudfunctions.operations.get","datastore.indexes.create","datastore.indexes.delete","datastore.indexes.list","datastore.indexes.update","firebase.projects.get","firebasehosting.sites.update"]}
[debug] [2023-06-26T12:21:47.602Z] <<< [apiv2][status] POST https://cloudresourcemanager.googleapis.com/v1/projects/martialartsnerdswebapp:testIamPermissions 200
[debug] [2023-06-26T12:21:47.602Z] <<< [apiv2][body] POST https://cloudresourcemanager.googleapis.com/v1/projects/martialartsnerdswebapp:testIamPermissions {"permissions":["cloudfunctions.functions.create","cloudfunctions.functions.delete","cloudfunctions.functions.get","cloudfunctions.functions.list","cloudfunctions.functions.update","cloudfunctions.operations.get","datastore.indexes.create","datastore.indexes.delete","datastore.indexes.list","datastore.indexes.update","firebase.projects.get","firebasehosting.sites.update"]}
[debug] [2023-06-26T12:21:47.603Z] >>> [apiv2][query] POST https://iam.googleapis.com/v1/projects/martialartsnerdswebapp/serviceAccounts/martialartsnerdswebapp@appspot.gserviceaccount.com:testIamPermissions [none]
[debug] [2023-06-26T12:21:47.604Z] >>> [apiv2][body] POST https://iam.googleapis.com/v1/projects/martialartsnerdswebapp/serviceAccounts/martialartsnerdswebapp@appspot.gserviceaccount.com:testIamPermissions {"permissions":["iam.serviceAccounts.actAs"]}
[debug] [2023-06-26T12:21:48.427Z] <<< [apiv2][status] POST https://iam.googleapis.com/v1/projects/martialartsnerdswebapp/serviceAccounts/martialartsnerdswebapp@appspot.gserviceaccount.com:testIamPermissions 200
[debug] [2023-06-26T12:21:48.427Z] <<< [apiv2][body] POST https://iam.googleapis.com/v1/projects/martialartsnerdswebapp/serviceAccounts/martialartsnerdswebapp@appspot.gserviceaccount.com:testIamPermissions {"permissions":["iam.serviceAccounts.actAs"]}
[debug] [2023-06-26T12:21:48.428Z] >>> [apiv2][query] GET https://firebase.googleapis.com/v1beta1/projects/martialartsnerdswebapp [none]
[debug] [2023-06-26T12:21:48.852Z] <<< [apiv2][status] GET https://firebase.googleapis.com/v1beta1/projects/martialartsnerdswebapp 200
[debug] [2023-06-26T12:21:48.852Z] <<< [apiv2][body] GET https://firebase.googleapis.com/v1beta1/projects/martialartsnerdswebapp {"projectId":"martialartsnerdswebapp","projectNumber":"1019694043042","displayName":"martialartsnerdswebapp","name":"projects/martialartsnerdswebapp","resources":{"hostingSite":"martialartsnerdswebapp"},"state":"ACTIVE","etag":"1_22057ec7-ef7e-4605-acc9-a27de9252ea2"}
[info] 
[info] === Deploying to 'martialartsnerdswebapp'...
[info] 
[info] i  deploying firestore, functions, hosting 
[info] Running command: npm --prefix "$RESOURCE_DIR" run lint
[info] Running command: npm --prefix "$RESOURCE_DIR" run build
[info] ✔  functions: Finished running predeploy script. 
[info] i  firestore: reading indexes from firestore.indexes.json... 
[info] i  cloud.firestore: checking firestore.rules for compilation errors... 
[debug] [2023-06-26T12:21:55.884Z] >>> [apiv2][query] POST https://firebaserules.googleapis.com/v1/projects/martialartsnerdswebapp:test [none]
[debug] [2023-06-26T12:21:55.884Z] >>> [apiv2][body] POST https://firebaserules.googleapis.com/v1/projects/martialartsnerdswebapp:test [omitted]
[debug] [2023-06-26T12:21:56.192Z] <<< [apiv2][status] POST https://firebaserules.googleapis.com/v1/projects/martialartsnerdswebapp:test 200
[debug] [2023-06-26T12:21:56.192Z] <<< [apiv2][body] POST https://firebaserules.googleapis.com/v1/projects/martialartsnerdswebapp:test {}
[info] ✔  cloud.firestore: rules file firestore.rules compiled successfully 
[debug] [2023-06-26T12:21:56.195Z] >>> [apiv2][query] GET https://firebase.googleapis.com/v1beta1/projects/martialartsnerdswebapp [none]
[debug] [2023-06-26T12:21:56.456Z] <<< [apiv2][status] GET https://firebase.googleapis.com/v1beta1/projects/martialartsnerdswebapp 200
[debug] [2023-06-26T12:21:56.456Z] <<< [apiv2][body] GET https://firebase.googleapis.com/v1beta1/projects/martialartsnerdswebapp {"projectId":"martialartsnerdswebapp","projectNumber":"1019694043042","displayName":"martialartsnerdswebapp","name":"projects/martialartsnerdswebapp","resources":{"hostingSite":"martialartsnerdswebapp"},"state":"ACTIVE","etag":"1_22057ec7-ef7e-4605-acc9-a27de9252ea2"}
[info] i  functions: preparing codebase default for deployment 
[info] i  functions: ensuring required API cloudfunctions.googleapis.com is enabled... 
[info] i  functions: ensuring required API cloudbuild.googleapis.com is enabled... 
[info] i  artifactregistry: ensuring required API artifactregistry.googleapis.com is enabled... 
[debug] [2023-06-26T12:21:56.458Z] >>> [apiv2][query] GET https://serviceusage.googleapis.com/v1/projects/martialartsnerdswebapp/services/cloudfunctions.googleapis.com [none]
[debug] [2023-06-26T12:21:56.458Z] >>> [apiv2][(partial)header] GET https://serviceusage.googleapis.com/v1/projects/martialartsnerdswebapp/services/cloudfunctions.googleapis.com x-goog-quota-user=projects/martialartsnerdswebapp
[debug] [2023-06-26T12:21:56.461Z] >>> [apiv2][query] GET https://serviceusage.googleapis.com/v1/projects/martialartsnerdswebapp/services/runtimeconfig.googleapis.com [none]
[debug] [2023-06-26T12:21:56.461Z] >>> [apiv2][(partial)header] GET https://serviceusage.googleapis.com/v1/projects/martialartsnerdswebapp/services/runtimeconfig.googleapis.com x-goog-quota-user=projects/martialartsnerdswebapp
[debug] [2023-06-26T12:21:56.463Z] >>> [apiv2][query] GET https://serviceusage.googleapis.com/v1/projects/martialartsnerdswebapp/services/cloudbuild.googleapis.com [none]
[debug] [2023-06-26T12:21:56.463Z] >>> [apiv2][(partial)header] GET https://serviceusage.googleapis.com/v1/projects/martialartsnerdswebapp/services/cloudbuild.googleapis.com x-goog-quota-user=projects/martialartsnerdswebapp
[debug] [2023-06-26T12:21:56.464Z] >>> [apiv2][query] GET https://serviceusage.googleapis.com/v1/projects/martialartsnerdswebapp/services/artifactregistry.googleapis.com [none]
[debug] [2023-06-26T12:21:56.464Z] >>> [apiv2][(partial)header] GET https://serviceusage.googleapis.com/v1/projects/martialartsnerdswebapp/services/artifactregistry.googleapis.com x-goog-quota-user=projects/martialartsnerdswebapp
[debug] [2023-06-26T12:21:57.467Z] <<< [apiv2][status] GET https://serviceusage.googleapis.com/v1/projects/martialartsnerdswebapp/services/cloudfunctions.googleapis.com 200
[debug] [2023-06-26T12:21:57.468Z] <<< [apiv2][body] GET https://serviceusage.googleapis.com/v1/projects/martialartsnerdswebapp/services/cloudfunctions.googleapis.com [omitted]
[info] ✔  functions: required API cloudfunctions.googleapis.com is enabled 
[debug] [2023-06-26T12:21:57.475Z] <<< [apiv2][status] GET https://serviceusage.googleapis.com/v1/projects/martialartsnerdswebapp/services/runtimeconfig.googleapis.com 200
[debug] [2023-06-26T12:21:57.476Z] <<< [apiv2][body] GET https://serviceusage.googleapis.com/v1/projects/martialartsnerdswebapp/services/runtimeconfig.googleapis.com [omitted]
[debug] [2023-06-26T12:21:57.477Z] <<< [apiv2][status] GET https://serviceusage.googleapis.com/v1/projects/martialartsnerdswebapp/services/artifactregistry.googleapis.com 200
[debug] [2023-06-26T12:21:57.477Z] <<< [apiv2][body] GET https://serviceusage.googleapis.com/v1/projects/martialartsnerdswebapp/services/artifactregistry.googleapis.com [omitted]
[info] ✔  artifactregistry: required API artifactregistry.googleapis.com is enabled 
[debug] [2023-06-26T12:21:57.505Z] <<< [apiv2][status] GET https://serviceusage.googleapis.com/v1/projects/martialartsnerdswebapp/services/cloudbuild.googleapis.com 200
[debug] [2023-06-26T12:21:57.506Z] <<< [apiv2][body] GET https://serviceusage.googleapis.com/v1/projects/martialartsnerdswebapp/services/cloudbuild.googleapis.com [omitted]
[info] ✔  functions: required API cloudbuild.googleapis.com is enabled 
[debug] [2023-06-26T12:21:57.506Z] >>> [apiv2][query] GET https://firebase.googleapis.com/v1beta1/projects/martialartsnerdswebapp/adminSdkConfig [none]
[debug] [2023-06-26T12:21:57.889Z] <<< [apiv2][status] GET https://firebase.googleapis.com/v1beta1/projects/martialartsnerdswebapp/adminSdkConfig 200
[debug] [2023-06-26T12:21:57.889Z] <<< [apiv2][body] GET https://firebase.googleapis.com/v1beta1/projects/martialartsnerdswebapp/adminSdkConfig {"projectId":"martialartsnerdswebapp","storageBucket":"martialartsnerdswebapp.appspot.com"}
[debug] [2023-06-26T12:21:57.890Z] >>> [apiv2][query] GET https://runtimeconfig.googleapis.com/v1beta1/projects/martialartsnerdswebapp/configs [none]
[debug] [2023-06-26T12:21:58.701Z] <<< [apiv2][status] GET https://runtimeconfig.googleapis.com/v1beta1/projects/martialartsnerdswebapp/configs 200
[debug] [2023-06-26T12:21:58.701Z] <<< [apiv2][body] GET https://runtimeconfig.googleapis.com/v1beta1/projects/martialartsnerdswebapp/configs {}
[debug] [2023-06-26T12:21:58.704Z] Validating nodejs source
[debug] [2023-06-26T12:21:59.091Z] > [functions] package.json contents: {
  "name": "functions",
  "scripts": {
    "lint": "eslint --ext .js,.ts .",
    "build": "tsc",
    "build:watch": "tsc --watch",
    "serve": "npm run build && firebase emulators:start --only functions",
    "shell": "npm run build && firebase functions:shell",
    "start": "npm run shell",
    "deploy": "firebase deploy --only functions",
    "logs": "firebase functions:log"
  },
  "engines": {
    "node": "16"
  },
  "main": "lib/index.js",
  "dependencies": {
    "firebase-admin": "^11.5.0",
    "firebase-functions": "^4.2.0"
  },
  "devDependencies": {
    "@typescript-eslint/eslint-plugin": "^5.12.0",
    "@typescript-eslint/parser": "^5.12.0",
    "eslint": "^8.9.0",
    "eslint-config-google": "^0.14.0",
    "eslint-plugin-import": "^2.25.4",
    "firebase-functions-test": "^3.0.0",
    "typescript": "^4.9.0"
  },
  "private": true
}
[debug] [2023-06-26T12:21:59.092Z] Building nodejs source
[debug] [2023-06-26T12:21:59.092Z] Could not find functions.yaml. Must use http discovery
[debug] [2023-06-26T12:21:59.098Z] Found firebase-functions binary at '/Users/denipersson/Documents/GitHub/martialartstechniqueoftheweek/matotw-app/functions/node_modules/.bin/firebase-functions'
[debug] [2023-06-26T12:21:59.239Z] Serving at port 8192

[debug] [2023-06-26T12:21:59.368Z] Got response from /__/functions.yaml {"endpoints":{"updateTechnique":{"platform":"gcfv1","availableMemoryMb":null,"timeoutSeconds":null,"minInstances":null,"maxInstances":null,"ingressSettings":null,"serviceAccountEmail":null,"vpc":null,"scheduleTrigger":{"schedule":"every monday 00:00","retryConfig":{"retryCount":null,"maxDoublings":null,"maxRetryDuration":null,"maxBackoffDuration":null,"minBackoffDuration":null},"timeZone":null},"labels":{},"entryPoint":"updateTechnique"}},"specVersion":"v1alpha1","requiredAPIs":[{"api":"cloudscheduler.googleapis.com","reason":"Needed for scheduled functions."}]}
[debug] [2023-06-26T12:21:59.372Z] shutdown requested via /__/quitquitquit

[info] i  functions: preparing functions directory for uploading... 
[info] i  functions: packaged /Users/denipersson/Documents/GitHub/martialartstechniqueoftheweek/matotw-app/functions (88.46 KB) for uploading 
[debug] [2023-06-26T12:21:59.400Z] >>> [apiv2][query] GET https://cloudfunctions.googleapis.com/v1/projects/martialartsnerdswebapp/locations/-/functions [none]
[debug] [2023-06-26T12:21:59.987Z] <<< [apiv2][status] GET https://cloudfunctions.googleapis.com/v1/projects/martialartsnerdswebapp/locations/-/functions 200
[debug] [2023-06-26T12:21:59.987Z] <<< [apiv2][body] GET https://cloudfunctions.googleapis.com/v1/projects/martialartsnerdswebapp/locations/-/functions {"functions":[{"name":"projects/martialartsnerdswebapp/locations/us-central1/functions/updateTechnique","eventTrigger":{"eventType":"google.pubsub.topic.publish","resource":"projects/martialartsnerdswebapp/topics/firebase-schedule-updateTechnique-us-central1","service":"pubsub.googleapis.com","failurePolicy":{}},"status":"ACTIVE","entryPoint":"updateTechnique","timeout":"60s","availableMemoryMb":256,"serviceAccountEmail":"martialartsnerdswebapp@appspot.gserviceaccount.com","updateTime":"2023-06-24T20:42:42.782Z","versionId":"2","labels":{"deployment-tool":"cli-firebase","deployment-scheduled":"true","firebase-functions-hash":"47981595d30c285d24f3209923b4515320311601"},"sourceUploadUrl":"https://storage.googleapis.com/uploads-198069608742.us-central1.cloudfunctions.appspot.com/e4b58bdb-9883-41a6-946a-04952e33d848.zip","environmentVariables":{"FIREBASE_CONFIG":"{\"projectId\":\"martialartsnerdswebapp\",\"storageBucket\":\"martialartsnerdswebapp.appspot.com\"}","GCLOUD_PROJECT":"martialartsnerdswebapp","EVENTARC_CLOUD_EVENT_SOURCE":"projects/martialartsnerdswebapp/locations/us-central1/functions/updateTechnique"},"runtime":"nodejs16","maxInstances":3000,"ingressSettings":"ALLOW_ALL","buildId":"1299ad78-48e7-40c0-b9bc-72eb2f951440","buildEnvironmentVariables":{"GOOGLE_NODE_RUN_SCRIPTS":""},"buildName":"projects/1019694043042/locations/us-central1/builds/1299ad78-48e7-40c0-b9bc-72eb2f951440","dockerRegistry":"ARTIFACT_REGISTRY"}]}
[debug] [2023-06-26T12:21:59.988Z] >>> [apiv2][query] GET https://cloudfunctions.googleapis.com/v2/projects/martialartsnerdswebapp/locations/-/functions filter=environment%3D%22GEN_2%22
[debug] [2023-06-26T12:22:01.150Z] <<< [apiv2][status] GET https://cloudfunctions.googleapis.com/v2/projects/martialartsnerdswebapp/locations/-/functions 200
[debug] [2023-06-26T12:22:01.150Z] <<< [apiv2][body] GET https://cloudfunctions.googleapis.com/v2/projects/martialartsnerdswebapp/locations/-/functions {}
[info] i  functions: ensuring required API cloudscheduler.googleapis.com is enabled... 
[debug] [2023-06-26T12:22:01.158Z] >>> [apiv2][query] GET https://serviceusage.googleapis.com/v1/projects/martialartsnerdswebapp/services/cloudscheduler.googleapis.com [none]
[debug] [2023-06-26T12:22:01.158Z] >>> [apiv2][(partial)header] GET https://serviceusage.googleapis.com/v1/projects/martialartsnerdswebapp/services/cloudscheduler.googleapis.com x-goog-quota-user=projects/martialartsnerdswebapp
[debug] [2023-06-26T12:22:02.153Z] <<< [apiv2][status] GET https://serviceusage.googleapis.com/v1/projects/martialartsnerdswebapp/services/cloudscheduler.googleapis.com 200
[debug] [2023-06-26T12:22:02.153Z] <<< [apiv2][body] GET https://serviceusage.googleapis.com/v1/projects/martialartsnerdswebapp/services/cloudscheduler.googleapis.com [omitted]
[info] ✔  functions: required API cloudscheduler.googleapis.com is enabled 
[debug] [2023-06-26T12:22:02.156Z] >>> [apiv2][query] GET https://firebase.googleapis.com/v1beta1/projects/martialartsnerdswebapp [none]
[debug] [2023-06-26T12:22:02.679Z] <<< [apiv2][status] GET https://firebase.googleapis.com/v1beta1/projects/martialartsnerdswebapp 200
[debug] [2023-06-26T12:22:02.679Z] <<< [apiv2][body] GET https://firebase.googleapis.com/v1beta1/projects/martialartsnerdswebapp {"projectId":"martialartsnerdswebapp","projectNumber":"1019694043042","displayName":"martialartsnerdswebapp","name":"projects/martialartsnerdswebapp","resources":{"hostingSite":"martialartsnerdswebapp"},"state":"ACTIVE","etag":"1_22057ec7-ef7e-4605-acc9-a27de9252ea2"}
[debug] [2023-06-26T12:22:02.685Z] >>> [apiv2][query] POST https://firebasehosting.googleapis.com/v1beta1/projects/-/sites/martialartsnerdswebapp/versions [none]
[debug] [2023-06-26T12:22:02.685Z] >>> [apiv2][body] POST https://firebasehosting.googleapis.com/v1beta1/projects/-/sites/martialartsnerdswebapp/versions {"status":"CREATED","labels":{"deployment-tool":"cli-firebase"}}
[debug] [2023-06-26T12:22:03.802Z] <<< [apiv2][status] POST https://firebasehosting.googleapis.com/v1beta1/projects/-/sites/martialartsnerdswebapp/versions 200
[debug] [2023-06-26T12:22:03.802Z] <<< [apiv2][body] POST https://firebasehosting.googleapis.com/v1beta1/projects/-/sites/martialartsnerdswebapp/versions {"name":"projects/1019694043042/sites/martialartsnerdswebapp/versions/6bf628bf9a024b64","status":"CREATED","config":{},"labels":{"deployment-tool":"cli-firebase"}}
[info] i  firestore: deploying indexes... 
[debug] [2023-06-26T12:22:03.805Z] >>> [apiv2][query] GET https://firebaserules.googleapis.com/v1/projects/martialartsnerdswebapp/releases pageSize=10&pageToken=
[debug] [2023-06-26T12:22:03.807Z] >>> [apiv2][query] GET https://firestore.googleapis.com/v1/projects/martialartsnerdswebapp/databases/(default)/collectionGroups/-/indexes [none]
[debug] [2023-06-26T12:22:04.260Z] <<< [apiv2][status] GET https://firebaserules.googleapis.com/v1/projects/martialartsnerdswebapp/releases 200
[debug] [2023-06-26T12:22:04.260Z] <<< [apiv2][body] GET https://firebaserules.googleapis.com/v1/projects/martialartsnerdswebapp/releases {"releases":[{"name":"projects/martialartsnerdswebapp/releases/cloud.firestore","rulesetName":"projects/martialartsnerdswebapp/rulesets/51c89b33-f045-48ed-9aaa-3f115378b592","createTime":"2023-06-24T19:21:41.290768Z","updateTime":"2023-06-24T20:46:36.503644Z"}]}
[debug] [2023-06-26T12:22:04.261Z] >>> [apiv2][query] GET https://firebaserules.googleapis.com/v1/projects/martialartsnerdswebapp/rulesets/51c89b33-f045-48ed-9aaa-3f115378b592 [none]
[debug] [2023-06-26T12:22:04.354Z] <<< [apiv2][status] GET https://firestore.googleapis.com/v1/projects/martialartsnerdswebapp/databases/(default)/collectionGroups/-/indexes 200
[debug] [2023-06-26T12:22:04.354Z] <<< [apiv2][body] GET https://firestore.googleapis.com/v1/projects/martialartsnerdswebapp/databases/(default)/collectionGroups/-/indexes {}
[debug] [2023-06-26T12:22:04.354Z] >>> [apiv2][query] GET https://firestore.googleapis.com/v1/projects/martialartsnerdswebapp/databases/(default)/collectionGroups/-/fields?filter=indexConfig.usesAncestorConfig=false OR ttlConfig:* [none]
[debug] [2023-06-26T12:22:04.790Z] <<< [apiv2][status] GET https://firestore.googleapis.com/v1/projects/martialartsnerdswebapp/databases/(default)/collectionGroups/-/fields?filter=indexConfig.usesAncestorConfig=false OR ttlConfig:* 200
[debug] [2023-06-26T12:22:04.790Z] <<< [apiv2][body] GET https://firestore.googleapis.com/v1/projects/martialartsnerdswebapp/databases/(default)/collectionGroups/-/fields?filter=indexConfig.usesAncestorConfig=false OR ttlConfig:* {"fields":[{"name":"projects/martialartsnerdswebapp/databases/(default)/collectionGroups/__default__/fields/*","indexConfig":{"indexes":[{"queryScope":"COLLECTION","fields":[{"fieldPath":"*","order":"ASCENDING"}],"state":"READY"},{"queryScope":"COLLECTION","fields":[{"fieldPath":"*","order":"DESCENDING"}],"state":"READY"},{"queryScope":"COLLECTION","fields":[{"fieldPath":"*","arrayConfig":"CONTAINS"}],"state":"READY"}]}}]}
[info] ✔  firestore: deployed indexes in firestore.indexes.json successfully for (default) database 
[debug] [2023-06-26T12:22:05.102Z] <<< [apiv2][status] GET https://firebaserules.googleapis.com/v1/projects/martialartsnerdswebapp/rulesets/51c89b33-f045-48ed-9aaa-3f115378b592 200
[debug] [2023-06-26T12:22:05.102Z] <<< [apiv2][body] GET https://firebaserules.googleapis.com/v1/projects/martialartsnerdswebapp/rulesets/51c89b33-f045-48ed-9aaa-3f115378b592 [omitted]
[info] i  firestore: uploading rules firestore.rules... 
[debug] [2023-06-26T12:22:05.105Z] >>> [apiv2][query] POST https://firebaserules.googleapis.com/v1/projects/martialartsnerdswebapp/rulesets [none]
[debug] [2023-06-26T12:22:05.105Z] >>> [apiv2][body] POST https://firebaserules.googleapis.com/v1/projects/martialartsnerdswebapp/rulesets [omitted]
[debug] [2023-06-26T12:22:06.050Z] <<< [apiv2][status] POST https://firebaserules.googleapis.com/v1/projects/martialartsnerdswebapp/rulesets 200
[debug] [2023-06-26T12:22:06.050Z] <<< [apiv2][body] POST https://firebaserules.googleapis.com/v1/projects/martialartsnerdswebapp/rulesets {"name":"projects/martialartsnerdswebapp/rulesets/2e38d9ec-d011-4c27-b1f7-42a244069ea9","source":{"files":[{"content":"rules_version = '2';\n\nservice cloud.firestore {\n  match /databases/{database}/documents {\n    match /{document=**} {\n      allow read, write: if false;\n    }\n  }\n}","name":"firestore.rules"}]},"createTime":"2023-06-26T12:22:06.003247Z","metadata":{"services":["cloud.firestore"]}}
[debug] [2023-06-26T12:22:06.050Z] [rules] created ruleset projects/martialartsnerdswebapp/rulesets/2e38d9ec-d011-4c27-b1f7-42a244069ea9
[debug] [2023-06-26T12:22:06.051Z] >>> [apiv2][query] POST https://cloudfunctions.googleapis.com/v1/projects/martialartsnerdswebapp/locations/us-central1/functions:generateUploadUrl [none]
[debug] [2023-06-26T12:22:06.051Z] >>> [apiv2][body] POST https://cloudfunctions.googleapis.com/v1/projects/martialartsnerdswebapp/locations/us-central1/functions:generateUploadUrl {}
[debug] [2023-06-26T12:22:06.781Z] <<< [apiv2][status] POST https://cloudfunctions.googleapis.com/v1/projects/martialartsnerdswebapp/locations/us-central1/functions:generateUploadUrl 200
[debug] [2023-06-26T12:22:06.781Z] <<< [apiv2][body] POST https://cloudfunctions.googleapis.com/v1/projects/martialartsnerdswebapp/locations/us-central1/functions:generateUploadUrl {"uploadUrl":"https://storage.googleapis.com/uploads-198069608742.us-central1.cloudfunctions.appspot.com/edd0d7ad-b422-4ffc-841d-94ea2b49ad17.zip?GoogleAccessId=service-1019694043042@gcf-admin-robot.iam.gserviceaccount.com&Expires=1687783926&Signature=goDOtFpTwZtC7g5UtAighEkvZpGNn0U6AHOQ90nc9QW%2BHmk0uqvpqx4%2B1O1WTOqW3BwogeHIYe8PF96r2kd%2Bq2K45xM12bF%2FEd5GmxOfygL558oGPsYJcaW2H6Pt2DNINSG4ZWIGYGp%2Bmqk4UFrOY%2FQXh2sae3LW2lSOcmXuJxb23H%2BiQzffHhYt5ALwsPuf%2FBiRWsW9W5loA2NU2bx1J0L4cOcN9D%2FuVZrhrsgflhE2s3vfSyUkwSj94gsSUeuAJncAi35xVi7wg27qr9703cw1NBuzDmG8t%2FxPbuTmk2vZDRY9td7PjfUsjodhQpXvOSzt2E94s6fFyEQio7gVeg%3D%3D"}
[debug] [2023-06-26T12:22:06.782Z] >>> [apiv2][query] PUT https://storage.googleapis.com/uploads-198069608742.us-central1.cloudfunctions.appspot.com/edd0d7ad-b422-4ffc-841d-94ea2b49ad17.zip GoogleAccessId=service-1019694043042%40gcf-admin-robot.iam.gserviceaccount.com&Expires=1687783926&Signature=goDOtFpTwZtC7g5UtAighEkvZpGNn0U6AHOQ90nc9QW%2BHmk0uqvpqx4%2B1O1WTOqW3BwogeHIYe8PF96r2kd%2Bq2K45xM12bF%2FEd5GmxOfygL558oGPsYJcaW2H6Pt2DNINSG4ZWIGYGp%2Bmqk4UFrOY%2FQXh2sae3LW2lSOcmXuJxb23H%2BiQzffHhYt5ALwsPuf%2FBiRWsW9W5loA2NU2bx1J0L4cOcN9D%2FuVZrhrsgflhE2s3vfSyUkwSj94gsSUeuAJncAi35xVi7wg27qr9703cw1NBuzDmG8t%2FxPbuTmk2vZDRY9td7PjfUsjodhQpXvOSzt2E94s6fFyEQio7gVeg%3D%3D
[debug] [2023-06-26T12:22:06.783Z] >>> [apiv2][body] PUT https://storage.googleapis.com/uploads-198069608742.us-central1.cloudfunctions.appspot.com/edd0d7ad-b422-4ffc-841d-94ea2b49ad17.zip [stream]
[debug] [2023-06-26T12:22:07.925Z] <<< [apiv2][status] PUT https://storage.googleapis.com/uploads-198069608742.us-central1.cloudfunctions.appspot.com/edd0d7ad-b422-4ffc-841d-94ea2b49ad17.zip 200
[debug] [2023-06-26T12:22:07.925Z] <<< [apiv2][body] PUT https://storage.googleapis.com/uploads-198069608742.us-central1.cloudfunctions.appspot.com/edd0d7ad-b422-4ffc-841d-94ea2b49ad17.zip [omitted]
[info] ✔  functions: functions folder uploaded successfully 
[info] i  hosting[martialartsnerdswebapp]: beginning deploy... 
[info] i  hosting[martialartsnerdswebapp]: found 15 files in build 
[debug] [2023-06-26T12:22:07.937Z] [hosting] uploading with 200 concurrency
[debug] [2023-06-26T12:22:08.217Z] [hosting] hash cache [YnVpbGQ] stored for 15 files
[debug] [2023-06-26T12:22:08.217Z] [hosting][hash queue][FINAL] {"max":268,"min":3,"avg":24.466666666666665,"active":0,"complete":15,"success":15,"errored":0,"retried":0,"total":15,"elapsed":274}
[debug] [2023-06-26T12:22:08.217Z] >>> [apiv2][query] POST https://firebasehosting.googleapis.com/v1beta1/projects/1019694043042/sites/martialartsnerdswebapp/versions/6bf628bf9a024b64:populateFiles [none]
[debug] [2023-06-26T12:22:08.217Z] >>> [apiv2][body] POST https://firebasehosting.googleapis.com/v1beta1/projects/1019694043042/sites/martialartsnerdswebapp/versions/6bf628bf9a024b64:populateFiles {"files":{"/404.html":"05cbc6f94d7a69ce2e29646eab13be2c884e61ba93e3094df5028866876d18b3","/asset-manifest.json":"fa969196af292bfa4b93b9861a8ade696d0f15926a4c1a21b9c30f9f63f1e3e6","/index.html":"e5786da31df63aa0cfff9934d50693132ede3c13b271323323dccbca34d99688","/favicon.ico":"b72f7455f00e4e58792d2bca892abb068e2213838c0316d6b7a0d6d16acd1955","/robots.txt":"391d14b3c2f8c9143a27a28c7399585142228d4d1bdbe2c87ac946de411fa9a2","/static/css/main.e6c13ad2.css":"3e50f5e92915159fd2c8de23f1536cfb9f445223478cfa70edb3a6fbfe5dbf03","/logo192.png":"caff018b7f1e8fd481eb1c50d75b0ef236bcd5078b1d15c8bb348453fee30293","/logo512.png":"191fc21360b4ccfb1cda11a1efb97f489ed22672ca83f4064316802bbfdd750e","/static/js/787.5165b26a.chunk.js":"d8504940e9fc285bdb1e41f9734be6822a0b87decaddb6e19cccb5f85d60869c","/manifest.json":"341d52628782f8ac9290bbfc43298afccb47b7cbfcee146ae30cf0f46bc30900","/static/js/main.1e8f1789.js.LICENSE.txt":"8311984fa7bc8ed092f6dc9edc94c5e9792e29d204e6c0e88ca0c5eac63e3df2","/static/css/main.e6c13ad2.css.map":"d99304e41fcd2e6d3aadd9df8d45fbb4b7935a1f7a03b1a272a8f0477725a7fa","/static/js/787.5165b26a.chunk.js.map":"e77726218a84fc31da4e9ce552fff5a42ba15edb68bbf2b0c18cac0bfaaad6a1","/static/js/main.1e8f1789.js":"1c32e733b7cfa635135db53a89fe6f93f77a41196b72cb0c7d6e8ff2250d50c9","/static/js/main.1e8f1789.js.map":"386ab4c22f5a2cca807589e59ce1fb80954da848242a94bda4ed42713e77f993"}}
[debug] [2023-06-26T12:22:09.167Z] <<< [apiv2][status] POST https://firebasehosting.googleapis.com/v1beta1/projects/1019694043042/sites/martialartsnerdswebapp/versions/6bf628bf9a024b64:populateFiles 200
[debug] [2023-06-26T12:22:09.167Z] <<< [apiv2][body] POST https://firebasehosting.googleapis.com/v1beta1/projects/1019694043042/sites/martialartsnerdswebapp/versions/6bf628bf9a024b64:populateFiles {"uploadUrl":"https://upload-firebasehosting.googleapis.com/upload/sites/martialartsnerdswebapp/versions/6bf628bf9a024b64/files"}
[debug] [2023-06-26T12:22:09.168Z] [hosting][populate queue][FINAL] {"max":950,"min":950,"avg":950,"active":0,"complete":1,"success":1,"errored":0,"retried":0,"total":1,"elapsed":951}
[debug] [2023-06-26T12:22:09.168Z] [hosting] uploads queued: 0
[debug] [2023-06-26T12:22:09.168Z] [hosting][upload queue][FINAL] {"max":0,"min":9999999999,"avg":0,"active":0,"complete":0,"success":0,"errored":0,"retried":0,"total":0,"elapsed":1687782129168}
[info] ✔  hosting[martialartsnerdswebapp]: file upload complete 
[debug] [2023-06-26T12:22:09.169Z] [hosting] deploy completed after 1241ms
[debug] [2023-06-26T12:22:09.172Z] [rules] releasing cloud.firestore/(default) with ruleset projects/martialartsnerdswebapp/rulesets/2e38d9ec-d011-4c27-b1f7-42a244069ea9
[debug] [2023-06-26T12:22:09.173Z] >>> [apiv2][query] PATCH https://firebaserules.googleapis.com/v1/projects/martialartsnerdswebapp/releases/cloud.firestore/(default) [none]
[debug] [2023-06-26T12:22:09.173Z] >>> [apiv2][body] PATCH https://firebaserules.googleapis.com/v1/projects/martialartsnerdswebapp/releases/cloud.firestore/(default) {"release":{"name":"projects/martialartsnerdswebapp/releases/cloud.firestore/(default)","rulesetName":"projects/martialartsnerdswebapp/rulesets/2e38d9ec-d011-4c27-b1f7-42a244069ea9"}}
[debug] [2023-06-26T12:22:10.252Z] <<< [apiv2][status] PATCH https://firebaserules.googleapis.com/v1/projects/martialartsnerdswebapp/releases/cloud.firestore/(default) 200
[debug] [2023-06-26T12:22:10.252Z] <<< [apiv2][body] PATCH https://firebaserules.googleapis.com/v1/projects/martialartsnerdswebapp/releases/cloud.firestore/(default) {"name":"projects/martialartsnerdswebapp/releases/cloud.firestore","rulesetName":"projects/martialartsnerdswebapp/rulesets/2e38d9ec-d011-4c27-b1f7-42a244069ea9","createTime":"2023-06-24T19:21:41.290768Z","updateTime":"2023-06-26T12:22:10.184140Z"}
[debug] [2023-06-26T12:22:10.252Z] [rules] updated release projects/martialartsnerdswebapp/releases/cloud.firestore
[info] ✔  firestore: released rules firestore.rules to cloud.firestore 
[info] i  functions: updating Node.js 16 function updateTechnique(us-central1)... 
[debug] [2023-06-26T12:22:10.257Z] >>> [apiv2][query] PATCH https://cloudfunctions.googleapis.com/v1/projects/martialartsnerdswebapp/locations/us-central1/functions/updateTechnique updateMask=name%2CsourceUploadUrl%2CentryPoint%2Cruntime%2CdockerRegistry%2Clabels%2CeventTrigger.eventType%2CeventTrigger.resource%2CminInstances%2CmaxInstances%2CingressSettings%2CenvironmentVariables%2CserviceAccountEmail%2CavailableMemoryMb%2Ctimeout%2CvpcConnector%2CvpcConnectorEgressSettings%2CsourceToken%2CbuildEnvironmentVariables
[debug] [2023-06-26T12:22:10.258Z] >>> [apiv2][body] PATCH https://cloudfunctions.googleapis.com/v1/projects/martialartsnerdswebapp/locations/us-central1/functions/updateTechnique {"name":"projects/martialartsnerdswebapp/locations/us-central1/functions/updateTechnique","sourceUploadUrl":"https://storage.googleapis.com/uploads-198069608742.us-central1.cloudfunctions.appspot.com/edd0d7ad-b422-4ffc-841d-94ea2b49ad17.zip?GoogleAccessId=service-1019694043042@gcf-admin-robot.iam.gserviceaccount.com&Expires=1687783926&Signature=goDOtFpTwZtC7g5UtAighEkvZpGNn0U6AHOQ90nc9QW%2BHmk0uqvpqx4%2B1O1WTOqW3BwogeHIYe8PF96r2kd%2Bq2K45xM12bF%2FEd5GmxOfygL558oGPsYJcaW2H6Pt2DNINSG4ZWIGYGp%2Bmqk4UFrOY%2FQXh2sae3LW2lSOcmXuJxb23H%2BiQzffHhYt5ALwsPuf%2FBiRWsW9W5loA2NU2bx1J0L4cOcN9D%2FuVZrhrsgflhE2s3vfSyUkwSj94gsSUeuAJncAi35xVi7wg27qr9703cw1NBuzDmG8t%2FxPbuTmk2vZDRY9td7PjfUsjodhQpXvOSzt2E94s6fFyEQio7gVeg%3D%3D","entryPoint":"updateTechnique","runtime":"nodejs16","dockerRegistry":"ARTIFACT_REGISTRY","labels":{"deployment-tool":"cli-firebase","deployment-scheduled":"true","firebase-functions-hash":"1f21bfad5870c248e02f0ca4cb5c4e39b2feb616"},"eventTrigger":{"eventType":"google.pubsub.topic.publish","resource":"projects/martialartsnerdswebapp/topics/firebase-schedule-updateTechnique-us-central1"},"minInstances":null,"maxInstances":null,"ingressSettings":null,"environmentVariables":{"FIREBASE_CONFIG":"{\"projectId\":\"martialartsnerdswebapp\",\"storageBucket\":\"martialartsnerdswebapp.appspot.com\"}","GCLOUD_PROJECT":"martialartsnerdswebapp","EVENTARC_CLOUD_EVENT_SOURCE":"projects/martialartsnerdswebapp/locations/us-central1/functions/updateTechnique"},"serviceAccountEmail":null,"availableMemoryMb":null,"timeout":null,"vpcConnector":null,"vpcConnectorEgressSettings":null,"buildEnvironmentVariables":{"GOOGLE_NODE_RUN_SCRIPTS":""}}
[debug] [2023-06-26T12:22:10.871Z] <<< [apiv2][status] PATCH https://cloudfunctions.googleapis.com/v1/projects/martialartsnerdswebapp/locations/us-central1/functions/updateTechnique 200
[debug] [2023-06-26T12:22:10.871Z] <<< [apiv2][body] PATCH https://cloudfunctions.googleapis.com/v1/projects/martialartsnerdswebapp/locations/us-central1/functions/updateTechnique {"name":"operations/bWFydGlhbGFydHNuZXJkc3dlYmFwcC91cy1jZW50cmFsMS91cGRhdGVUZWNobmlxdWUvREd2Rk1URDFEZms","metadata":{"@type":"type.googleapis.com/google.cloud.functions.v1.OperationMetadataV1","target":"projects/martialartsnerdswebapp/locations/us-central1/functions/updateTechnique","type":"UPDATE_FUNCTION","request":{"@type":"type.googleapis.com/google.cloud.functions.v1.CloudFunction","name":"projects/martialartsnerdswebapp/locations/us-central1/functions/updateTechnique","eventTrigger":{"eventType":"google.pubsub.topic.publish","resource":"projects/martialartsnerdswebapp/topics/firebase-schedule-updateTechnique-us-central1","service":"pubsub.googleapis.com","failurePolicy":{}},"status":"ACTIVE","entryPoint":"updateTechnique","updateTime":"2023-06-24T20:42:42.782Z","versionId":"2","labels":{"deployment-tool":"cli-firebase","deployment-scheduled":"true","firebase-functions-hash":"1f21bfad5870c248e02f0ca4cb5c4e39b2feb616"},"sourceUploadUrl":"https://storage.googleapis.com/uploads-198069608742.us-central1.cloudfunctions.appspot.com/edd0d7ad-b422-4ffc-841d-94ea2b49ad17.zip?GoogleAccessId=service-1019694043042@gcf-admin-robot.iam.gserviceaccount.com&Expires=1687783926&Signature=goDOtFpTwZtC7g5UtAighEkvZpGNn0U6AHOQ90nc9QW%2BHmk0uqvpqx4%2B1O1WTOqW3BwogeHIYe8PF96r2kd%2Bq2K45xM12bF%2FEd5GmxOfygL558oGPsYJcaW2H6Pt2DNINSG4ZWIGYGp%2Bmqk4UFrOY%2FQXh2sae3LW2lSOcmXuJxb23H%2BiQzffHhYt5ALwsPuf%2FBiRWsW9W5loA2NU2bx1J0L4cOcN9D%2FuVZrhrsgflhE2s3vfSyUkwSj94gsSUeuAJncAi35xVi7wg27qr9703cw1NBuzDmG8t%2FxPbuTmk2vZDRY9td7PjfUsjodhQpXvOSzt2E94s6fFyEQio7gVeg%3D%3D","environmentVariables":{"FIREBASE_CONFIG":"{\"projectId\":\"martialartsnerdswebapp\",\"storageBucket\":\"martialartsnerdswebapp.appspot.com\"}","GCLOUD_PROJECT":"martialartsnerdswebapp","EVENTARC_CLOUD_EVENT_SOURCE":"projects/martialartsnerdswebapp/locations/us-central1/functions/updateTechnique"},"runtime":"nodejs16","buildId":"1299ad78-48e7-40c0-b9bc-72eb2f951440","buildEnvironmentVariables":{"GOOGLE_NODE_RUN_SCRIPTS":""},"buildName":"projects/1019694043042/locations/us-central1/builds/1299ad78-48e7-40c0-b9bc-72eb2f951440","dockerRegistry":"ARTIFACT_REGISTRY"},"versionId":"3","updateTime":"2023-06-26T12:22:10Z"}}
[debug] [2023-06-26T12:22:10.873Z] >>> [apiv2][query] GET https://cloudfunctions.googleapis.com/v1/operations/bWFydGlhbGFydHNuZXJkc3dlYmFwcC91cy1jZW50cmFsMS91cGRhdGVUZWNobmlxdWUvREd2Rk1URDFEZms [none]
[debug] [2023-06-26T12:22:11.594Z] <<< [apiv2][status] GET https://cloudfunctions.googleapis.com/v1/operations/bWFydGlhbGFydHNuZXJkc3dlYmFwcC91cy1jZW50cmFsMS91cGRhdGVUZWNobmlxdWUvREd2Rk1URDFEZms 200
[debug] [2023-06-26T12:22:11.594Z] <<< [apiv2][body] GET https://cloudfunctions.googleapis.com/v1/operations/bWFydGlhbGFydHNuZXJkc3dlYmFwcC91cy1jZW50cmFsMS91cGRhdGVUZWNobmlxdWUvREd2Rk1URDFEZms {"name":"operations/bWFydGlhbGFydHNuZXJkc3dlYmFwcC91cy1jZW50cmFsMS91cGRhdGVUZWNobmlxdWUvREd2Rk1URDFEZms","metadata":{"@type":"type.googleapis.com/google.cloud.functions.v1.OperationMetadataV1","target":"projects/martialartsnerdswebapp/locations/us-central1/functions/updateTechnique","type":"UPDATE_FUNCTION","request":{"@type":"type.googleapis.com/google.cloud.functions.v1.CloudFunction","name":"projects/martialartsnerdswebapp/locations/us-central1/functions/updateTechnique","eventTrigger":{"eventType":"google.pubsub.topic.publish","resource":"projects/martialartsnerdswebapp/topics/firebase-schedule-updateTechnique-us-central1","service":"pubsub.googleapis.com","failurePolicy":{}},"status":"ACTIVE","entryPoint":"updateTechnique","updateTime":"2023-06-24T20:42:42.782Z","versionId":"2","labels":{"deployment-tool":"cli-firebase","deployment-scheduled":"true","firebase-functions-hash":"1f21bfad5870c248e02f0ca4cb5c4e39b2feb616"},"sourceUploadUrl":"https://storage.googleapis.com/uploads-198069608742.us-central1.cloudfunctions.appspot.com/edd0d7ad-b422-4ffc-841d-94ea2b49ad17.zip?GoogleAccessId=service-1019694043042@gcf-admin-robot.iam.gserviceaccount.com&Expires=1687783926&Signature=goDOtFpTwZtC7g5UtAighEkvZpGNn0U6AHOQ90nc9QW%2BHmk0uqvpqx4%2B1O1WTOqW3BwogeHIYe8PF96r2kd%2Bq2K45xM12bF%2FEd5GmxOfygL558oGPsYJcaW2H6Pt2DNINSG4ZWIGYGp%2Bmqk4UFrOY%2FQXh2sae3LW2lSOcmXuJxb23H%2BiQzffHhYt5ALwsPuf%2FBiRWsW9W5loA2NU2bx1J0L4cOcN9D%2FuVZrhrsgflhE2s3vfSyUkwSj94gsSUeuAJncAi35xVi7wg27qr9703cw1NBuzDmG8t%2FxPbuTmk2vZDRY9td7PjfUsjodhQpXvOSzt2E94s6fFyEQio7gVeg%3D%3D","environmentVariables":{"FIREBASE_CONFIG":"{\"projectId\":\"martialartsnerdswebapp\",\"storageBucket\":\"martialartsnerdswebapp.appspot.com\"}","GCLOUD_PROJECT":"martialartsnerdswebapp","EVENTARC_CLOUD_EVENT_SOURCE":"projects/martialartsnerdswebapp/locations/us-central1/functions/updateTechnique"},"runtime":"nodejs16","buildId":"1299ad78-48e7-40c0-b9bc-72eb2f951440","buildEnvironmentVariables":{"GOOGLE_NODE_RUN_SCRIPTS":""},"buildName":"projects/1019694043042/locations/us-central1/builds/1299ad78-48e7-40c0-b9bc-72eb2f951440","dockerRegistry":"ARTIFACT_REGISTRY"},"versionId":"3","updateTime":"2023-06-26T12:22:10Z"}}
[debug] [2023-06-26T12:22:12.096Z] [update-default-us-central1-updateTechnique] Retrying task index 0
[debug] [2023-06-26T12:22:12.096Z] >>> [apiv2][query] GET https://cloudfunctions.googleapis.com/v1/operations/bWFydGlhbGFydHNuZXJkc3dlYmFwcC91cy1jZW50cmFsMS91cGRhdGVUZWNobmlxdWUvREd2Rk1URDFEZms [none]
[debug] [2023-06-26T12:22:12.443Z] <<< [apiv2][status] GET https://cloudfunctions.googleapis.com/v1/operations/bWFydGlhbGFydHNuZXJkc3dlYmFwcC91cy1jZW50cmFsMS91cGRhdGVUZWNobmlxdWUvREd2Rk1URDFEZms 200
[debug] [2023-06-26T12:22:12.444Z] <<< [apiv2][body] GET https://cloudfunctions.googleapis.com/v1/operations/bWFydGlhbGFydHNuZXJkc3dlYmFwcC91cy1jZW50cmFsMS91cGRhdGVUZWNobmlxdWUvREd2Rk1URDFEZms {"name":"operations/bWFydGlhbGFydHNuZXJkc3dlYmFwcC91cy1jZW50cmFsMS91cGRhdGVUZWNobmlxdWUvREd2Rk1URDFEZms","metadata":{"@type":"type.googleapis.com/google.cloud.functions.v1.OperationMetadataV1","target":"projects/martialartsnerdswebapp/locations/us-central1/functions/updateTechnique","type":"UPDATE_FUNCTION","request":{"@type":"type.googleapis.com/google.cloud.functions.v1.CloudFunction","name":"projects/martialartsnerdswebapp/locations/us-central1/functions/updateTechnique","eventTrigger":{"eventType":"google.pubsub.topic.publish","resource":"projects/martialartsnerdswebapp/topics/firebase-schedule-updateTechnique-us-central1","service":"pubsub.googleapis.com","failurePolicy":{}},"status":"ACTIVE","entryPoint":"updateTechnique","updateTime":"2023-06-24T20:42:42.782Z","versionId":"2","labels":{"deployment-tool":"cli-firebase","deployment-scheduled":"true","firebase-functions-hash":"1f21bfad5870c248e02f0ca4cb5c4e39b2feb616"},"sourceUploadUrl":"https://storage.googleapis.com/uploads-198069608742.us-central1.cloudfunctions.appspot.com/edd0d7ad-b422-4ffc-841d-94ea2b49ad17.zip?GoogleAccessId=service-1019694043042@gcf-admin-robot.iam.gserviceaccount.com&Expires=1687783926&Signature=goDOtFpTwZtC7g5UtAighEkvZpGNn0U6AHOQ90nc9QW%2BHmk0uqvpqx4%2B1O1WTOqW3BwogeHIYe8PF96r2kd%2Bq2K45xM12bF%2FEd5GmxOfygL558oGPsYJcaW2H6Pt2DNINSG4ZWIGYGp%2Bmqk4UFrOY%2FQXh2sae3LW2lSOcmXuJxb23H%2BiQzffHhYt5ALwsPuf%2FBiRWsW9W5loA2NU2bx1J0L4cOcN9D%2FuVZrhrsgflhE2s3vfSyUkwSj94gsSUeuAJncAi35xVi7wg27qr9703cw1NBuzDmG8t%2FxPbuTmk2vZDRY9td7PjfUsjodhQpXvOSzt2E94s6fFyEQio7gVeg%3D%3D","environmentVariables":{"FIREBASE_CONFIG":"{\"projectId\":\"martialartsnerdswebapp\",\"storageBucket\":\"martialartsnerdswebapp.appspot.com\"}","GCLOUD_PROJECT":"martialartsnerdswebapp","EVENTARC_CLOUD_EVENT_SOURCE":"projects/martialartsnerdswebapp/locations/us-central1/functions/updateTechnique"},"runtime":"nodejs16","buildId":"1299ad78-48e7-40c0-b9bc-72eb2f951440","buildEnvironmentVariables":{"GOOGLE_NODE_RUN_SCRIPTS":""},"buildName":"projects/1019694043042/locations/us-central1/builds/1299ad78-48e7-40c0-b9bc-72eb2f951440","dockerRegistry":"ARTIFACT_REGISTRY"},"versionId":"3","updateTime":"2023-06-26T12:22:10Z","buildId":"e2bbed81-d09f-42f7-8462-2354784e4e74","buildName":"projects/1019694043042/locations/us-central1/builds/e2bbed81-d09f-42f7-8462-2354784e4e74"}}
[debug] [2023-06-26T12:22:13.444Z] [update-default-us-central1-updateTechnique] Retrying task index 0
[debug] [2023-06-26T12:22:13.445Z] >>> [apiv2][query] GET https://cloudfunctions.googleapis.com/v1/operations/bWFydGlhbGFydHNuZXJkc3dlYmFwcC91cy1jZW50cmFsMS91cGRhdGVUZWNobmlxdWUvREd2Rk1URDFEZms [none]
[debug] [2023-06-26T12:22:13.732Z] <<< [apiv2][status] GET https://cloudfunctions.googleapis.com/v1/operations/bWFydGlhbGFydHNuZXJkc3dlYmFwcC91cy1jZW50cmFsMS91cGRhdGVUZWNobmlxdWUvREd2Rk1URDFEZms 200
[debug] [2023-06-26T12:22:13.732Z] <<< [apiv2][body] GET https://cloudfunctions.googleapis.com/v1/operations/bWFydGlhbGFydHNuZXJkc3dlYmFwcC91cy1jZW50cmFsMS91cGRhdGVUZWNobmlxdWUvREd2Rk1URDFEZms {"name":"operations/bWFydGlhbGFydHNuZXJkc3dlYmFwcC91cy1jZW50cmFsMS91cGRhdGVUZWNobmlxdWUvREd2Rk1URDFEZms","metadata":{"@type":"type.googleapis.com/google.cloud.functions.v1.OperationMetadataV1","target":"projects/martialartsnerdswebapp/locations/us-central1/functions/updateTechnique","type":"UPDATE_FUNCTION","request":{"@type":"type.googleapis.com/google.cloud.functions.v1.CloudFunction","name":"projects/martialartsnerdswebapp/locations/us-central1/functions/updateTechnique","eventTrigger":{"eventType":"google.pubsub.topic.publish","resource":"projects/martialartsnerdswebapp/topics/firebase-schedule-updateTechnique-us-central1","service":"pubsub.googleapis.com","failurePolicy":{}},"status":"ACTIVE","entryPoint":"updateTechnique","updateTime":"2023-06-24T20:42:42.782Z","versionId":"2","labels":{"deployment-tool":"cli-firebase","deployment-scheduled":"true","firebase-functions-hash":"1f21bfad5870c248e02f0ca4cb5c4e39b2feb616"},"sourceUploadUrl":"https://storage.googleapis.com/uploads-198069608742.us-central1.cloudfunctions.appspot.com/edd0d7ad-b422-4ffc-841d-94ea2b49ad17.zip?GoogleAccessId=service-1019694043042@gcf-admin-robot.iam.gserviceaccount.com&Expires=1687783926&Signature=goDOtFpTwZtC7g5UtAighEkvZpGNn0U6AHOQ90nc9QW%2BHmk0uqvpqx4%2B1O1WTOqW3BwogeHIYe8PF96r2kd%2Bq2K45xM12bF%2FEd5GmxOfygL558oGPsYJcaW2H6Pt2DNINSG4ZWIGYGp%2Bmqk4UFrOY%2FQXh2sae3LW2lSOcmXuJxb23H%2BiQzffHhYt5ALwsPuf%2FBiRWsW9W5loA2NU2bx1J0L4cOcN9D%2FuVZrhrsgflhE2s3vfSyUkwSj94gsSUeuAJncAi35xVi7wg27qr9703cw1NBuzDmG8t%2FxPbuTmk2vZDRY9td7PjfUsjodhQpXvOSzt2E94s6fFyEQio7gVeg%3D%3D","environmentVariables":{"FIREBASE_CONFIG":"{\"projectId\":\"martialartsnerdswebapp\",\"storageBucket\":\"martialartsnerdswebapp.appspot.com\"}","GCLOUD_PROJECT":"martialartsnerdswebapp","EVENTARC_CLOUD_EVENT_SOURCE":"projects/martialartsnerdswebapp/locations/us-central1/functions/updateTechnique"},"runtime":"nodejs16","buildId":"1299ad78-48e7-40c0-b9bc-72eb2f951440","buildEnvironmentVariables":{"GOOGLE_NODE_RUN_SCRIPTS":""},"buildName":"projects/1019694043042/locations/us-central1/builds/1299ad78-48e7-40c0-b9bc-72eb2f951440","dockerRegistry":"ARTIFACT_REGISTRY"},"versionId":"3","updateTime":"2023-06-26T12:22:10Z","buildId":"e2bbed81-d09f-42f7-8462-2354784e4e74","buildName":"projects/1019694043042/locations/us-central1/builds/e2bbed81-d09f-42f7-8462-2354784e4e74"}}
[debug] [2023-06-26T12:22:15.733Z] [update-default-us-central1-updateTechnique] Retrying task index 0
[debug] [2023-06-26T12:22:15.733Z] >>> [apiv2][query] GET https://cloudfunctions.googleapis.com/v1/operations/bWFydGlhbGFydHNuZXJkc3dlYmFwcC91cy1jZW50cmFsMS91cGRhdGVUZWNobmlxdWUvREd2Rk1URDFEZms [none]
[debug] [2023-06-26T12:22:16.114Z] <<< [apiv2][status] GET https://cloudfunctions.googleapis.com/v1/operations/bWFydGlhbGFydHNuZXJkc3dlYmFwcC91cy1jZW50cmFsMS91cGRhdGVUZWNobmlxdWUvREd2Rk1URDFEZms 200
[debug] [2023-06-26T12:22:16.114Z] <<< [apiv2][body] GET https://cloudfunctions.googleapis.com/v1/operations/bWFydGlhbGFydHNuZXJkc3dlYmFwcC91cy1jZW50cmFsMS91cGRhdGVUZWNobmlxdWUvREd2Rk1URDFEZms {"name":"operations/bWFydGlhbGFydHNuZXJkc3dlYmFwcC91cy1jZW50cmFsMS91cGRhdGVUZWNobmlxdWUvREd2Rk1URDFEZms","metadata":{"@type":"type.googleapis.com/google.cloud.functions.v1.OperationMetadataV1","target":"projects/martialartsnerdswebapp/locations/us-central1/functions/updateTechnique","type":"UPDATE_FUNCTION","request":{"@type":"type.googleapis.com/google.cloud.functions.v1.CloudFunction","name":"projects/martialartsnerdswebapp/locations/us-central1/functions/updateTechnique","eventTrigger":{"eventType":"google.pubsub.topic.publish","resource":"projects/martialartsnerdswebapp/topics/firebase-schedule-updateTechnique-us-central1","service":"pubsub.googleapis.com","failurePolicy":{}},"status":"ACTIVE","entryPoint":"updateTechnique","updateTime":"2023-06-24T20:42:42.782Z","versionId":"2","labels":{"deployment-tool":"cli-firebase","deployment-scheduled":"true","firebase-functions-hash":"1f21bfad5870c248e02f0ca4cb5c4e39b2feb616"},"sourceUploadUrl":"https://storage.googleapis.com/uploads-198069608742.us-central1.cloudfunctions.appspot.com/edd0d7ad-b422-4ffc-841d-94ea2b49ad17.zip?GoogleAccessId=service-1019694043042@gcf-admin-robot.iam.gserviceaccount.com&Expires=1687783926&Signature=goDOtFpTwZtC7g5UtAighEkvZpGNn0U6AHOQ90nc9QW%2BHmk0uqvpqx4%2B1O1WTOqW3BwogeHIYe8PF96r2kd%2Bq2K45xM12bF%2FEd5GmxOfygL558oGPsYJcaW2H6Pt2DNINSG4ZWIGYGp%2Bmqk4UFrOY%2FQXh2sae3LW2lSOcmXuJxb23H%2BiQzffHhYt5ALwsPuf%2FBiRWsW9W5loA2NU2bx1J0L4cOcN9D%2FuVZrhrsgflhE2s3vfSyUkwSj94gsSUeuAJncAi35xVi7wg27qr9703cw1NBuzDmG8t%2FxPbuTmk2vZDRY9td7PjfUsjodhQpXvOSzt2E94s6fFyEQio7gVeg%3D%3D","environmentVariables":{"FIREBASE_CONFIG":"{\"projectId\":\"martialartsnerdswebapp\",\"storageBucket\":\"martialartsnerdswebapp.appspot.com\"}","GCLOUD_PROJECT":"martialartsnerdswebapp","EVENTARC_CLOUD_EVENT_SOURCE":"projects/martialartsnerdswebapp/locations/us-central1/functions/updateTechnique"},"runtime":"nodejs16","buildId":"1299ad78-48e7-40c0-b9bc-72eb2f951440","buildEnvironmentVariables":{"GOOGLE_NODE_RUN_SCRIPTS":""},"buildName":"projects/1019694043042/locations/us-central1/builds/1299ad78-48e7-40c0-b9bc-72eb2f951440","dockerRegistry":"ARTIFACT_REGISTRY"},"versionId":"3","updateTime":"2023-06-26T12:22:10Z","buildId":"e2bbed81-d09f-42f7-8462-2354784e4e74","buildName":"projects/1019694043042/locations/us-central1/builds/e2bbed81-d09f-42f7-8462-2354784e4e74"}}
[debug] [2023-06-26T12:22:20.115Z] [update-default-us-central1-updateTechnique] Retrying task index 0
[debug] [2023-06-26T12:22:20.116Z] >>> [apiv2][query] GET https://cloudfunctions.googleapis.com/v1/operations/bWFydGlhbGFydHNuZXJkc3dlYmFwcC91cy1jZW50cmFsMS91cGRhdGVUZWNobmlxdWUvREd2Rk1URDFEZms [none]
[debug] [2023-06-26T12:22:20.931Z] <<< [apiv2][status] GET https://cloudfunctions.googleapis.com/v1/operations/bWFydGlhbGFydHNuZXJkc3dlYmFwcC91cy1jZW50cmFsMS91cGRhdGVUZWNobmlxdWUvREd2Rk1URDFEZms 200
[debug] [2023-06-26T12:22:20.931Z] <<< [apiv2][body] GET https://cloudfunctions.googleapis.com/v1/operations/bWFydGlhbGFydHNuZXJkc3dlYmFwcC91cy1jZW50cmFsMS91cGRhdGVUZWNobmlxdWUvREd2Rk1URDFEZms {"name":"operations/bWFydGlhbGFydHNuZXJkc3dlYmFwcC91cy1jZW50cmFsMS91cGRhdGVUZWNobmlxdWUvREd2Rk1URDFEZms","metadata":{"@type":"type.googleapis.com/google.cloud.functions.v1.OperationMetadataV1","target":"projects/martialartsnerdswebapp/locations/us-central1/functions/updateTechnique","type":"UPDATE_FUNCTION","request":{"@type":"type.googleapis.com/google.cloud.functions.v1.CloudFunction","name":"projects/martialartsnerdswebapp/locations/us-central1/functions/updateTechnique","eventTrigger":{"eventType":"google.pubsub.topic.publish","resource":"projects/martialartsnerdswebapp/topics/firebase-schedule-updateTechnique-us-central1","service":"pubsub.googleapis.com","failurePolicy":{}},"status":"ACTIVE","entryPoint":"updateTechnique","updateTime":"2023-06-24T20:42:42.782Z","versionId":"2","labels":{"deployment-tool":"cli-firebase","deployment-scheduled":"true","firebase-functions-hash":"1f21bfad5870c248e02f0ca4cb5c4e39b2feb616"},"sourceUploadUrl":"https://storage.googleapis.com/uploads-198069608742.us-central1.cloudfunctions.appspot.com/edd0d7ad-b422-4ffc-841d-94ea2b49ad17.zip?GoogleAccessId=service-1019694043042@gcf-admin-robot.iam.gserviceaccount.com&Expires=1687783926&Signature=goDOtFpTwZtC7g5UtAighEkvZpGNn0U6AHOQ90nc9QW%2BHmk0uqvpqx4%2B1O1WTOqW3BwogeHIYe8PF96r2kd%2Bq2K45xM12bF%2FEd5GmxOfygL558oGPsYJcaW2H6Pt2DNINSG4ZWIGYGp%2Bmqk4UFrOY%2FQXh2sae3LW2lSOcmXuJxb23H%2BiQzffHhYt5ALwsPuf%2FBiRWsW9W5loA2NU2bx1J0L4cOcN9D%2FuVZrhrsgflhE2s3vfSyUkwSj94gsSUeuAJncAi35xVi7wg27qr9703cw1NBuzDmG8t%2FxPbuTmk2vZDRY9td7PjfUsjodhQpXvOSzt2E94s6fFyEQio7gVeg%3D%3D","environmentVariables":{"FIREBASE_CONFIG":"{\"projectId\":\"martialartsnerdswebapp\",\"storageBucket\":\"martialartsnerdswebapp.appspot.com\"}","GCLOUD_PROJECT":"martialartsnerdswebapp","EVENTARC_CLOUD_EVENT_SOURCE":"projects/martialartsnerdswebapp/locations/us-central1/functions/updateTechnique"},"runtime":"nodejs16","buildId":"1299ad78-48e7-40c0-b9bc-72eb2f951440","buildEnvironmentVariables":{"GOOGLE_NODE_RUN_SCRIPTS":""},"buildName":"projects/1019694043042/locations/us-central1/builds/1299ad78-48e7-40c0-b9bc-72eb2f951440","dockerRegistry":"ARTIFACT_REGISTRY"},"versionId":"3","updateTime":"2023-06-26T12:22:10Z","buildId":"e2bbed81-d09f-42f7-8462-2354784e4e74","buildName":"projects/1019694043042/locations/us-central1/builds/e2bbed81-d09f-42f7-8462-2354784e4e74"}}
